This file contains any messages produced by compilers while
running configure, to aid debugging if configure makes a mistake.

It was created by configure, which was
generated by GNU Autoconf 2.61.  Invocation command line was

  $ ./configure 

## --------- ##
## Platform. ##
## --------- ##

hostname = r41
uname -m = x86_64
uname -r = 2.6.26-13-amd64-perfctr-gcc43-2.6.38-3
uname -s = Linux
uname -v = #1 SMP Fri Mar 13 16:33:23 PDT 2009

/usr/bin/uname -p = unknown
/bin/uname -X     = unknown

/bin/arch              = unknown
/usr/bin/arch -k       = unknown
/usr/convex/getsysinfo = unknown
/usr/bin/hostinfo      = unknown
/bin/machine           = unknown
/usr/bin/oslevel       = unknown
/bin/universe          = unknown

PATH: /usr/local/bin
PATH: /usr/mill/bin
PATH: /usr/pbs/bin
PATH: /usr/bin
PATH: /bin
PATH: /usr/bin/X11
PATH: /usr/games


## ----------- ##
## Core tests. ##
## ----------- ##

configure:1757: checking for g++
configure:1773: found /usr/bin/g++
configure:1784: result: g++
configure:1815: checking for C++ compiler version
configure:1822: g++ --version >&5
g++ (Debian 4.3.2-1.1) 4.3.2
Copyright (C) 2008 Free Software Foundation, Inc.
This is free software; see the source for copying conditions.  There is NO
warranty; not even for MERCHANTABILITY or FITNESS FOR A PARTICULAR PURPOSE.

configure:1825: $? = 0
configure:1832: g++ -v >&5
Using built-in specs.
Target: x86_64-linux-gnu
Configured with: ../src/configure -v --with-pkgversion='Debian 4.3.2-1.1' --with-bugurl=file:///usr/share/doc/gcc-4.3/README.Bugs --enable-languages=c,c++,fortran,objc,obj-c++ --prefix=/usr --enable-shared --with-system-zlib --libexecdir=/usr/lib --without-included-gettext --enable-threads=posix --enable-nls --with-gxx-include-dir=/usr/include/c++/4.3 --program-suffix=-4.3 --enable-clocale=gnu --enable-libstdcxx-debug --enable-objc-gc --enable-mpfr --enable-cld --enable-checking=release --build=x86_64-linux-gnu --host=x86_64-linux-gnu --target=x86_64-linux-gnu
Thread model: posix
gcc version 4.3.2 (Debian 4.3.2-1.1) 
configure:1835: $? = 0
configure:1842: g++ -V >&5
g++: '-V' option must have argument
configure:1845: $? = 1
configure:1868: checking for C++ compiler default output file name
configure:1895: g++    conftest.cpp  >&5
configure:1898: $? = 0
configure:1936: result: a.out
configure:1953: checking whether the C++ compiler works
configure:1963: ./a.out
configure:1966: $? = 0
configure:1983: result: yes
configure:1990: checking whether we are cross compiling
configure:1992: result: no
configure:1995: checking for suffix of executables
configure:2002: g++ -o conftest    conftest.cpp  >&5
configure:2005: $? = 0
configure:2029: result: 
configure:2035: checking for suffix of object files
configure:2061: g++ -c   conftest.cpp >&5
configure:2064: $? = 0
configure:2087: result: o
configure:2091: checking whether we are using the GNU C++ compiler
configure:2120: g++ -c   conftest.cpp >&5
configure:2126: $? = 0
configure:2143: result: yes
configure:2148: checking whether g++ accepts -g
configure:2178: g++ -c -g  conftest.cpp >&5
configure:2184: $? = 0
configure:2283: result: yes
configure:2360: checking for gcc
configure:2376: found /usr/bin/gcc
configure:2387: result: gcc
configure:2423: checking for C compiler version
configure:2430: gcc --version >&5
gcc (Debian 4.3.2-1.1) 4.3.2
Copyright (C) 2008 Free Software Foundation, Inc.
This is free software; see the source for copying conditions.  There is NO
warranty; not even for MERCHANTABILITY or FITNESS FOR A PARTICULAR PURPOSE.

configure:2433: $? = 0
configure:2440: gcc -v >&5
Using built-in specs.
Target: x86_64-linux-gnu
Configured with: ../src/configure -v --with-pkgversion='Debian 4.3.2-1.1' --with-bugurl=file:///usr/share/doc/gcc-4.3/README.Bugs --enable-languages=c,c++,fortran,objc,obj-c++ --prefix=/usr --enable-shared --with-system-zlib --libexecdir=/usr/lib --without-included-gettext --enable-threads=posix --enable-nls --with-gxx-include-dir=/usr/include/c++/4.3 --program-suffix=-4.3 --enable-clocale=gnu --enable-libstdcxx-debug --enable-objc-gc --enable-mpfr --enable-cld --enable-checking=release --build=x86_64-linux-gnu --host=x86_64-linux-gnu --target=x86_64-linux-gnu
Thread model: posix
gcc version 4.3.2 (Debian 4.3.2-1.1) 
configure:2443: $? = 0
configure:2450: gcc -V >&5
gcc: '-V' option must have argument
configure:2453: $? = 1
configure:2456: checking whether we are using the GNU C compiler
configure:2485: gcc -c   conftest.c >&5
configure:2491: $? = 0
configure:2508: result: yes
configure:2513: checking whether gcc accepts -g
configure:2543: gcc -c -g  conftest.c >&5
configure:2549: $? = 0
configure:2648: result: yes
configure:2665: checking for gcc option to accept ISO C89
configure:2739: gcc  -c -g -O2  conftest.c >&5
configure:2745: $? = 0
configure:2768: result: none needed
configure:2808: checking how to run the C preprocessor
configure:2848: gcc -E  conftest.c
configure:2854: $? = 0
configure:2885: gcc -E  conftest.c
conftest.c:8:28: error: ac_nonexistent.h: No such file or directory
configure:2891: $? = 1
configure: failed program was:
| /* confdefs.h.  */
| #define PACKAGE_NAME ""
| #define PACKAGE_TARNAME ""
| #define PACKAGE_VERSION ""
| #define PACKAGE_STRING ""
| #define PACKAGE_BUGREPORT ""
| /* end confdefs.h.  */
| #include <ac_nonexistent.h>
configure:2924: result: gcc -E
configure:2953: gcc -E  conftest.c
configure:2959: $? = 0
configure:2990: gcc -E  conftest.c
conftest.c:8:28: error: ac_nonexistent.h: No such file or directory
configure:2996: $? = 1
configure: failed program was:
| /* confdefs.h.  */
| #define PACKAGE_NAME ""
| #define PACKAGE_TARNAME ""
| #define PACKAGE_VERSION ""
| #define PACKAGE_STRING ""
| #define PACKAGE_BUGREPORT ""
| /* end confdefs.h.  */
| #include <ac_nonexistent.h>
configure:3034: checking for grep that handles long lines and -e
configure:3108: result: /bin/grep
configure:3113: checking for egrep
configure:3191: result: /bin/grep -E
configure:3196: checking for ANSI C header files
configure:3226: gcc -c -g -O2  conftest.c >&5
configure:3232: $? = 0
configure:3331: gcc -o conftest -g -O2   conftest.c  >&5
configure:3334: $? = 0
configure:3340: ./conftest
configure:3343: $? = 0
configure:3360: result: yes
configure:3384: checking for sys/types.h
configure:3405: gcc -c -g -O2  conftest.c >&5
configure:3411: $? = 0
configure:3427: result: yes
configure:3384: checking for sys/stat.h
configure:3405: gcc -c -g -O2  conftest.c >&5
configure:3411: $? = 0
configure:3427: result: yes
configure:3384: checking for stdlib.h
configure:3405: gcc -c -g -O2  conftest.c >&5
configure:3411: $? = 0
configure:3427: result: yes
configure:3384: checking for string.h
configure:3405: gcc -c -g -O2  conftest.c >&5
configure:3411: $? = 0
configure:3427: result: yes
configure:3384: checking for memory.h
configure:3405: gcc -c -g -O2  conftest.c >&5
configure:3411: $? = 0
configure:3427: result: yes
configure:3384: checking for strings.h
configure:3405: gcc -c -g -O2  conftest.c >&5
configure:3411: $? = 0
configure:3427: result: yes
configure:3384: checking for inttypes.h
configure:3405: gcc -c -g -O2  conftest.c >&5
configure:3411: $? = 0
configure:3427: result: yes
configure:3384: checking for stdint.h
configure:3405: gcc -c -g -O2  conftest.c >&5
configure:3411: $? = 0
configure:3427: result: yes
configure:3384: checking for unistd.h
configure:3405: gcc -c -g -O2  conftest.c >&5
configure:3411: $? = 0
configure:3427: result: yes
configure:3464: checking arpa/inet.h usability
configure:3481: gcc -c -g -O2  conftest.c >&5
configure:3487: $? = 0
configure:3501: result: yes
configure:3505: checking arpa/inet.h presence
configure:3520: gcc -E  conftest.c
configure:3526: $? = 0
configure:3540: result: yes
configure:3568: checking for arpa/inet.h
configure:3576: result: yes
configure:3464: checking fcntl.h usability
configure:3481: gcc -c -g -O2  conftest.c >&5
configure:3487: $? = 0
configure:3501: result: yes
configure:3505: checking fcntl.h presence
configure:3520: gcc -E  conftest.c
configure:3526: $? = 0
configure:3540: result: yes
configure:3568: checking for fcntl.h
configure:3576: result: yes
configure:3464: checking limits.h usability
configure:3481: gcc -c -g -O2  conftest.c >&5
configure:3487: $? = 0
configure:3501: result: yes
configure:3505: checking limits.h presence
configure:3520: gcc -E  conftest.c
configure:3526: $? = 0
configure:3540: result: yes
configure:3568: checking for limits.h
configure:3576: result: yes
configure:3464: checking netdb.h usability
configure:3481: gcc -c -g -O2  conftest.c >&5
configure:3487: $? = 0
configure:3501: result: yes
configure:3505: checking netdb.h presence
configure:3520: gcc -E  conftest.c
configure:3526: $? = 0
configure:3540: result: yes
configure:3568: checking for netdb.h
configure:3576: result: yes
configure:3464: checking netinet/in.h usability
configure:3481: gcc -c -g -O2  conftest.c >&5
configure:3487: $? = 0
configure:3501: result: yes
configure:3505: checking netinet/in.h presence
configure:3520: gcc -E  conftest.c
configure:3526: $? = 0
configure:3540: result: yes
configure:3568: checking for netinet/in.h
configure:3576: result: yes
configure:3454: checking for stdlib.h
configure:3460: result: yes
configure:3454: checking for string.h
configure:3460: result: yes
configure:3464: checking sys/ioctl.h usability
configure:3481: gcc -c -g -O2  conftest.c >&5
configure:3487: $? = 0
configure:3501: result: yes
configure:3505: checking sys/ioctl.h presence
configure:3520: gcc -E  conftest.c
configure:3526: $? = 0
configure:3540: result: yes
configure:3568: checking for sys/ioctl.h
configure:3576: result: yes
configure:3464: checking sys/socket.h usability
configure:3481: gcc -c -g -O2  conftest.c >&5
configure:3487: $? = 0
configure:3501: result: yes
configure:3505: checking sys/socket.h presence
configure:3520: gcc -E  conftest.c
configure:3526: $? = 0
configure:3540: result: yes
configure:3568: checking for sys/socket.h
configure:3576: result: yes
configure:3464: checking sys/time.h usability
configure:3481: gcc -c -g -O2  conftest.c >&5
configure:3487: $? = 0
configure:3501: result: yes
configure:3505: checking sys/time.h presence
configure:3520: gcc -E  conftest.c
configure:3526: $? = 0
configure:3540: result: yes
configure:3568: checking for sys/time.h
configure:3576: result: yes
configure:3454: checking for unistd.h
configure:3460: result: yes
configure:3591: checking for stdbool.h that conforms to C99
configure:3684: gcc -c -g -O2  conftest.c >&5
configure:3690: $? = 0
configure:3705: result: yes
configure:3707: checking for _Bool
configure:3737: gcc -c -g -O2  conftest.c >&5
configure:3743: $? = 0
configure:3758: result: yes
configure:3777: checking for an ANSI C-conforming const
configure:3852: gcc -c -g -O2  conftest.c >&5
configure:3858: $? = 0
configure:3873: result: yes
configure:3883: checking for inline
configure:3909: gcc -c -g -O2  conftest.c >&5
configure:3915: $? = 0
configure:3933: result: inline
configure:3952: checking for size_t
configure:3982: gcc -c -g -O2  conftest.c >&5
configure:3988: $? = 0
configure:4003: result: yes
configure:4015: checking whether time.h and sys/time.h may both be included
configure:4045: gcc -c -g -O2  conftest.c >&5
configure:4051: $? = 0
configure:4066: result: yes
configure:4079: checking whether gcc needs -traditional
configure:4121: result: no
configure:4133: checking for stdlib.h
configure:4139: result: yes
configure:4268: checking for GNU libc compatible malloc
configure:4302: gcc -o conftest -g -O2   conftest.c  >&5
configure:4305: $? = 0
configure:4311: ./conftest
configure:4314: $? = 0
configure:4330: result: yes
configure:4364: checking for stdlib.h
configure:4370: result: yes
configure:4364: checking for unistd.h
configure:4370: result: yes
configure:4503: checking for getpagesize
configure:4559: gcc -o conftest -g -O2   conftest.c  >&5
configure:4565: $? = 0
configure:4583: result: yes
configure:4593: checking for working mmap
configure:4740: gcc -o conftest -g -O2   conftest.c  >&5
configure:4743: $? = 0
configure:4749: ./conftest
configure:4752: $? = 0
configure:4768: result: yes
configure:4784: checking for stdlib.h
configure:4790: result: yes
configure:4919: checking for GNU libc compatible realloc
configure:4953: gcc -o conftest -g -O2   conftest.c  >&5
configure:4956: $? = 0
configure:4962: ./conftest
configure:4965: $? = 0
configure:4981: result: yes
configure:5025: checking sys/select.h usability
configure:5042: gcc -c -g -O2  conftest.c >&5
configure:5048: $? = 0
configure:5062: result: yes
configure:5066: checking sys/select.h presence
configure:5081: gcc -E  conftest.c
configure:5087: $? = 0
configure:5101: result: yes
configure:5129: checking for sys/select.h
configure:5137: result: yes
configure:5015: checking for sys/socket.h
configure:5021: result: yes
configure:5150: checking types of arguments for select
configure:5188: gcc -c -g -O2  conftest.c >&5
configure:5194: $? = 0
configure:5215: result: int,fd_set *,struct timeval *
configure:5247: checking for gethostbyname
configure:5303: gcc -o conftest -g -O2   conftest.c  >&5
configure:5309: $? = 0
configure:5327: result: yes
configure:5247: checking for gethostname
configure:5303: gcc -o conftest -g -O2   conftest.c  >&5
configure:5309: $? = 0
configure:5327: result: yes
configure:5247: checking for getpagesize
configure:5327: result: yes
configure:5247: checking for memset
configure:5303: gcc -o conftest -g -O2   conftest.c  >&5
conftest.c:71: warning: conflicting types for built-in function 'memset'
configure:5309: $? = 0
configure:5327: result: yes
configure:5247: checking for select
configure:5303: gcc -o conftest -g -O2   conftest.c  >&5
configure:5309: $? = 0
configure:5327: result: yes
configure:5247: checking for socket
configure:5303: gcc -o conftest -g -O2   conftest.c  >&5
configure:5309: $? = 0
configure:5327: result: yes
configure:5504: creating ./config.status

## ---------------------- ##
## Running config.status. ##
## ---------------------- ##

This file was extended by config.status, which was
generated by GNU Autoconf 2.61.  Invocation command line was

  CONFIG_FILES    = 
  CONFIG_HEADERS  = 
  CONFIG_LINKS    = 
  CONFIG_COMMANDS = 
  $ ./config.status 

on r41

config.status:578: creating Makefile
configure:6447: === configuring in third_party/libev-3.8 (/home/eecs/benh/projects/nexus/src/third_party/libprocess/third_party/libev-3.8)
configure:6550: running /bin/sh ./configure '--prefix=/usr/local'  --cache-file=/dev/null --srcdir=.

## ---------------- ##
## Cache variables. ##
## ---------------- ##

ac_cv_c_compiler_gnu=yes
ac_cv_c_const=yes
ac_cv_c_inline=inline
ac_cv_cxx_compiler_gnu=yes
ac_cv_env_CCC_set=
ac_cv_env_CCC_value=
ac_cv_env_CC_set=
ac_cv_env_CC_value=
ac_cv_env_CFLAGS_set=
ac_cv_env_CFLAGS_value=
ac_cv_env_CPPFLAGS_set=
ac_cv_env_CPPFLAGS_value=
ac_cv_env_CPP_set=
ac_cv_env_CPP_value=
ac_cv_env_CXXFLAGS_set=
ac_cv_env_CXXFLAGS_value=
ac_cv_env_CXX_set=
ac_cv_env_CXX_value=
ac_cv_env_LDFLAGS_set=
ac_cv_env_LDFLAGS_value=
ac_cv_env_LIBS_set=
ac_cv_env_LIBS_value=
ac_cv_env_build_alias_set=
ac_cv_env_build_alias_value=
ac_cv_env_host_alias_set=
ac_cv_env_host_alias_value=
ac_cv_env_target_alias_set=
ac_cv_env_target_alias_value=
ac_cv_func_gethostbyname=yes
ac_cv_func_gethostname=yes
ac_cv_func_getpagesize=yes
ac_cv_func_malloc_0_nonnull=yes
ac_cv_func_memset=yes
ac_cv_func_mmap_fixed_mapped=yes
ac_cv_func_realloc_0_nonnull=yes
ac_cv_func_select=yes
ac_cv_func_select_args='int,fd_set *,struct timeval *'
ac_cv_func_socket=yes
ac_cv_header_arpa_inet_h=yes
ac_cv_header_fcntl_h=yes
ac_cv_header_inttypes_h=yes
ac_cv_header_limits_h=yes
ac_cv_header_memory_h=yes
ac_cv_header_netdb_h=yes
ac_cv_header_netinet_in_h=yes
ac_cv_header_stdbool_h=yes
ac_cv_header_stdc=yes
ac_cv_header_stdint_h=yes
ac_cv_header_stdlib_h=yes
ac_cv_header_string_h=yes
ac_cv_header_strings_h=yes
ac_cv_header_sys_ioctl_h=yes
ac_cv_header_sys_select_h=yes
ac_cv_header_sys_socket_h=yes
ac_cv_header_sys_stat_h=yes
ac_cv_header_sys_time_h=yes
ac_cv_header_sys_types_h=yes
ac_cv_header_time=yes
ac_cv_header_unistd_h=yes
ac_cv_objext=o
ac_cv_path_EGREP='/bin/grep -E'
ac_cv_path_GREP=/bin/grep
ac_cv_prog_CPP='gcc -E'
ac_cv_prog_ac_ct_CC=gcc
ac_cv_prog_ac_ct_CXX=g++
ac_cv_prog_cc_c89=
ac_cv_prog_cc_g=yes
ac_cv_prog_cxx_g=yes
ac_cv_prog_gcc_traditional=no
ac_cv_type__Bool=yes
ac_cv_type_size_t=yes

## ----------------- ##
## Output variables. ##
## ----------------- ##

CC='gcc'
CFLAGS='-g -O2'
CPP='gcc -E'
CPPFLAGS=''
CXX='g++'
CXXFLAGS='-g -O2'
DEFS='-DPACKAGE_NAME=\"\" -DPACKAGE_TARNAME=\"\" -DPACKAGE_VERSION=\"\" -DPACKAGE_STRING=\"\" -DPACKAGE_BUGREPORT=\"\" -DSTDC_HEADERS=1 -DHAVE_SYS_TYPES_H=1 -DHAVE_SYS_STAT_H=1 -DHAVE_STDLIB_H=1 -DHAVE_STRING_H=1 -DHAVE_MEMORY_H=1 -DHAVE_STRINGS_H=1 -DHAVE_INTTYPES_H=1 -DHAVE_STDINT_H=1 -DHAVE_UNISTD_H=1 -DHAVE_ARPA_INET_H=1 -DHAVE_FCNTL_H=1 -DHAVE_LIMITS_H=1 -DHAVE_NETDB_H=1 -DHAVE_NETINET_IN_H=1 -DHAVE_STDLIB_H=1 -DHAVE_STRING_H=1 -DHAVE_SYS_IOCTL_H=1 -DHAVE_SYS_SOCKET_H=1 -DHAVE_SYS_TIME_H=1 -DHAVE_UNISTD_H=1 -DHAVE__BOOL=1 -DHAVE_STDBOOL_H=1 -DTIME_WITH_SYS_TIME=1 -DHAVE_STDLIB_H=1 -DHAVE_MALLOC=1 -DHAVE_STDLIB_H=1 -DHAVE_UNISTD_H=1 -DHAVE_GETPAGESIZE=1 -DHAVE_MMAP=1 -DHAVE_STDLIB_H=1 -DHAVE_REALLOC=1 -DHAVE_SYS_SELECT_H=1 -DHAVE_SYS_SOCKET_H=1 -DSELECT_TYPE_ARG1=int -DSELECT_TYPE_ARG234=\(fd_set\ \*\) -DSELECT_TYPE_ARG5=\(struct\ timeval\ \*\) -DHAVE_GETHOSTBYNAME=1 -DHAVE_GETHOSTNAME=1 -DHAVE_GETPAGESIZE=1 -DHAVE_MEMSET=1 -DHAVE_SELECT=1 -DHAVE_SOCKET=1'
ECHO_C=''
ECHO_N='-n'
ECHO_T=''
EGREP='/bin/grep -E'
EXEEXT=''
GREP='/bin/grep'
LDFLAGS=''
LIBOBJS=''
LIBS=''
LTLIBOBJS=''
OBJEXT='o'
PACKAGE_BUGREPORT=''
PACKAGE_NAME=''
PACKAGE_STRING=''
PACKAGE_TARNAME=''
PACKAGE_VERSION=''
PATH_SEPARATOR=':'
SHELL='/bin/sh'
ac_ct_CC='gcc'
ac_ct_CXX='g++'
bindir='${exec_prefix}/bin'
build_alias=''
datadir='${datarootdir}'
datarootdir='${prefix}/share'
docdir='${datarootdir}/doc/${PACKAGE}'
dvidir='${docdir}'
exec_prefix='${prefix}'
host_alias=''
htmldir='${docdir}'
includedir='${prefix}/include'
infodir='${datarootdir}/info'
libdir='${exec_prefix}/lib'
libexecdir='${exec_prefix}/libexec'
localedir='${datarootdir}/locale'
localstatedir='${prefix}/var'
mandir='${datarootdir}/man'
oldincludedir='/usr/include'
pdfdir='${docdir}'
prefix='/usr/local'
program_transform_name='s,x,x,'
psdir='${docdir}'
sbindir='${exec_prefix}/sbin'
sharedstatedir='${prefix}/com'
subdirs=' third_party/libev-3.8'
sysconfdir='${prefix}/etc'
target_alias=''

## ----------- ##
## confdefs.h. ##
## ----------- ##

#define PACKAGE_NAME ""
#define PACKAGE_TARNAME ""
#define PACKAGE_VERSION ""
#define PACKAGE_STRING ""
#define PACKAGE_BUGREPORT ""
#define STDC_HEADERS 1
#define HAVE_SYS_TYPES_H 1
#define HAVE_SYS_STAT_H 1
#define HAVE_STDLIB_H 1
#define HAVE_STRING_H 1
#define HAVE_MEMORY_H 1
#define HAVE_STRINGS_H 1
#define HAVE_INTTYPES_H 1
#define HAVE_STDINT_H 1
#define HAVE_UNISTD_H 1
#define HAVE_ARPA_INET_H 1
#define HAVE_FCNTL_H 1
#define HAVE_LIMITS_H 1
#define HAVE_NETDB_H 1
#define HAVE_NETINET_IN_H 1
#define HAVE_STDLIB_H 1
#define HAVE_STRING_H 1
#define HAVE_SYS_IOCTL_H 1
#define HAVE_SYS_SOCKET_H 1
#define HAVE_SYS_TIME_H 1
#define HAVE_UNISTD_H 1
#define HAVE__BOOL 1
#define HAVE_STDBOOL_H 1
#define TIME_WITH_SYS_TIME 1
#define HAVE_STDLIB_H 1
#define HAVE_MALLOC 1
#define HAVE_STDLIB_H 1
#define HAVE_UNISTD_H 1
#define HAVE_GETPAGESIZE 1
#define HAVE_MMAP 1
#define HAVE_STDLIB_H 1
#define HAVE_REALLOC 1
#define HAVE_SYS_SELECT_H 1
#define HAVE_SYS_SOCKET_H 1
#define SELECT_TYPE_ARG1 int
#define SELECT_TYPE_ARG234 (fd_set *)
#define SELECT_TYPE_ARG5 (struct timeval *)
#define HAVE_GETHOSTBYNAME 1
#define HAVE_GETHOSTNAME 1
#define HAVE_GETPAGESIZE 1
#define HAVE_MEMSET 1
#define HAVE_SELECT 1
#define HAVE_SOCKET 1

configure: exit 0
